03-Nov-2014,11:12:21,lumbm,P57844,Save,I0M,"CASH, the Hon. Michaelia Clare"
03-Nov-2014,11:13:08,lumbm,P57844,Publish,I0M,"CASH, the Hon. Michaelia Clare"
03-Nov-2014,11:15:47,lumbm,P57844,Save,WX4,"CARR, the Hon. Robert (Bob) John"
03-Nov-2014,11:16:25,lumbm,P57844,Save,WX4,"CARR, the Hon. Robert (Bob) John"
03-Nov-2014,11:16:29,lumbm,P57844,Publish,WX4,"CARR, the Hon. Robert (Bob) John"
03-Nov-2014,11:17:21,lumbm,P57844,Save,M3K,"CROOK, Anthony (Tony) John"
03-Nov-2014,11:17:57,lumbm,P57844,Save,M3K,"CROOK, Anthony (Tony) John"
03-Nov-2014,11:20:00,lumbm,P57844,Save,A9B,"JONES, Stephen Patrick"
03-Nov-2014,11:20:05,lumbm,P57844,Publish,A9B,"JONES, Stephen Patrick"
03-Nov-2014,11:20:42,lumbm,P57844,Save,BU8,"LEIGH, the Hon. Dr Andrew Keith"
03-Nov-2014,11:20:47,lumbm,P57844,Publish,BU8,"LEIGH, the Hon. Dr Andrew Keith"
03-Nov-2014,11:21:18,lumbm,P57844,Save,M2V,"MATHESON, Russell Glenn"
03-Nov-2014,11:21:24,lumbm,P57844,Publish,M2V,"MATHESON, Russell Glenn"
03-Nov-2014,11:21:47,lumbm,P57844,Save,M3E,"MITCHELL, Rob"
03-Nov-2014,11:21:52,lumbm,P57844,Publish,M3E,"MITCHELL, Rob"
03-Nov-2014,11:30:32,lumbm,P57844,Save,M2X,"ROY, Wyatt"
03-Nov-2014,11:30:36,lumbm,P57844,Publish,M2X,"ROY, Wyatt"
03-Nov-2014,11:31:14,lumbm,P57844,Save,M0R,"SINGH, the Hon. Lisa Maria"
03-Nov-2014,11:31:19,lumbm,P57844,Publish,M0R,"SINGH, the Hon. Lisa Maria"
03-Nov-2014,11:31:49,lumbm,P57844,Save,M2Y,"TUDGE, the Hon. Alan"
03-Nov-2014,11:31:53,lumbm,P57844,Publish,M2Y,"TUDGE, the Hon. Alan"
03-Nov-2014,11:32:22,lumbm,P57844,Save,M3A,"WYATT, Kenneth (Ken) George, AM"
03-Nov-2014,11:32:25,lumbm,P57844,Publish,M3A,"WYATT, Kenneth (Ken) George, AM"
03-Nov-2014,11:33:27,lumbm,P57844,Save,M3C,"BANDT, Adam"
03-Nov-2014,11:33:30,lumbm,P57844,Publish,M3C,"BANDT, Adam"
03-Nov-2014,11:33:53,lumbm,P57844,Save,J7Q,"BACK, Dr Christopher John"
03-Nov-2014,11:33:56,lumbm,P57844,Publish,J7Q,"BACK, Dr Christopher John"
03-Nov-2014,11:34:16,lumbm,P57844,Save,M3M,"ALEXANDER, John Gilbert"
03-Nov-2014,11:34:19,lumbm,P57844,Publish,M3M,"ALEXANDER, John Gilbert"
04-Nov-2014,09:12:59,lumbm,P57844,Save,72184,"GILLESPIE, Dr David Arthur"
04-Nov-2014,09:13:24,lumbm,P57844,Save,72184,"GILLESPIE, Dr David Arthur"
04-Nov-2014,09:14:33,lumbm,P57844,Publish,72184,"GILLESPIE, Dr David Arthur"
04-Nov-2014,09:21:02,lumbm,P57844,Save,250216,"REYNOLDS, Linda Karen"
04-Nov-2014,10:42:29,gobbetth,P58297,Save,72184,"GILLESPIE, Dr David Arthur"
04-Nov-2014,10:43:46,gobbetth,P58297,Publish,72184,"GILLESPIE, Dr David Arthur"
04-Nov-2014,10:59:27,gobbetth,P58297,Save,148150,"PITT, Keith John"
04-Nov-2014,10:59:34,gobbetth,P58297,Publish,148150,"PITT, Keith John"
04-Nov-2014,11:01:29,gobbetth,P58297,Save,ECV,"HAYES, Christopher (Chris) Patrick"
04-Nov-2014,11:04:11,gobbetth,P58297,Publish,ECV,"HAYES, Christopher (Chris) Patrick"
04-Nov-2014,11:05:15,gobbetth,P58297,Save,249224,"RYAN, Joanne Catherine"
04-Nov-2014,11:05:20,gobbetth,P58297,Publish,249224,"RYAN, Joanne Catherine"
04-Nov-2014,11:13:27,gobbetth,P58297,Save,250216,"REYNOLDS, Linda Karen"
04-Nov-2014,11:13:31,gobbetth,P58297,Publish,250216,"REYNOLDS, Linda Karen"
04-Nov-2014,11:16:53,gobbetth,P58297,Save,HZE,"SESELJA, Zed"
04-Nov-2014,11:16:58,gobbetth,P58297,Publish,HZE,"SESELJA, Zed"
04-Nov-2014,16:44:08,lumbm,P57844,Save,WF4,"CRAWFORD, the Hon. Mary Catherine"
04-Nov-2014,16:44:15,lumbm,P57844,Publish,WF4,"CRAWFORD, the Hon. Mary Catherine"
05-Nov-2014,13:14:06,gobbetth,P58297,Save,ZU5,"HENZELL, Marjorie Madeline"
05-Nov-2014,13:14:13,gobbetth,P58297,Publish,ZU5,"HENZELL, Marjorie Madeline"
05-Nov-2014,13:14:38,gobbetth,P58297,Save,WD4,"FATIN, the Hon. Wendy Frances"
05-Nov-2014,13:14:44,gobbetth,P58297,Publish,WD4,"FATIN, the Hon. Wendy Frances"
05-Nov-2014,13:16:05,gobbetth,P58297,Save,PH4,"KENT, Lewis"
05-Nov-2014,13:16:09,gobbetth,P58297,Publish,PH4,"KENT, Lewis"
06-Nov-2014,14:22:03,gobbetth,P58297,Save,108616,"LAZARUS, Glenn Patrick"
06-Nov-2014,14:22:08,gobbetth,P58297,Publish,108616,"LAZARUS, Glenn Patrick"
07-Nov-2014,14:36:01,lumbm,P57844,Save,IT4,"ATKINSON, Rodney Alexander"
07-Nov-2014,14:36:55,lumbm,P57844,Add,JMI,"ATKINSON, Rodney"
07-Nov-2014,14:43:26,lumbm,P57844,Publish,JMI,"ATKINSON, Rodney Alexander"
07-Nov-2014,14:43:58,lumbm,P57844,Discard,IT4,"ATKINSON, Rodney Alexander"
07-Nov-2014,14:44:02,lumbm,P57844,Delete,IT4,"ATKINSON, Rodney Alexander"
07-Nov-2014,14:45:19,lumbm,P57844,Save,5A5,"DAWKINS, the Hon. John Sydney"
07-Nov-2014,14:46:11,lumbm,P57844,Add,9E4,"DAWKINS, John"
07-Nov-2014,14:51:36,lumbm,P57844,Publish,9E4,"DAWKINS, the Hon. John Sydney"
07-Nov-2014,14:51:46,lumbm,P57844,Discard,5A5,"DAWKINS, the Hon. John Sydney"
07-Nov-2014,14:51:51,lumbm,P57844,Delete,5A5,"DAWKINS, the Hon. John Sydney"
07-Nov-2014,14:52:57,lumbm,P57844,Save,J87,"DEVLIN, Arthur Ray"
07-Nov-2014,14:53:38,lumbm,P57844,Add,JUI,"DEVLIN, Arthur"
07-Nov-2014,14:55:37,lumbm,P57844,Publish,JUI,"DEVLIN, Arthur Ray"
07-Nov-2014,14:55:44,lumbm,P57844,Discard,J87,"DEVLIN, Arthur Ray"
07-Nov-2014,14:55:53,lumbm,P57844,Delete,J87,"DEVLIN, Arthur Ray"
07-Nov-2014,14:56:30,lumbm,P57844,Save,Y87,"DRUMMOND, Peter Hertford"
07-Nov-2014,14:56:56,lumbm,P57844,Add,KCT,"DRUMMOND, Peter"
07-Nov-2014,14:58:59,lumbm,P57844,Publish,KCT,"DRUMMOND, Peter Hertford"
07-Nov-2014,14:59:05,lumbm,P57844,Discard,Y87,"DRUMMOND, Peter Hertford"
07-Nov-2014,14:59:10,lumbm,P57844,Delete,Y87,"DRUMMOND, Peter Hertford"
07-Nov-2014,14:59:46,lumbm,P57844,Save,FE7,"HEARN, Jean Margaret"
07-Nov-2014,15:00:13,lumbm,P57844,Add,KOM,"HEARN, Jean"
07-Nov-2014,15:01:41,lumbm,P57844,Publish,KOM,"HEARN, Jean Margaret"
07-Nov-2014,15:01:47,lumbm,P57844,Discard,FE7,"HEARN, Jean Margaret"
07-Nov-2014,15:01:51,lumbm,P57844,Delete,FE7,"HEARN, Jean Margaret"
07-Nov-2014,15:02:22,lumbm,P57844,Save,TE7,"HODGES, the Hon. John Charles"
07-Nov-2014,15:02:43,lumbm,P57844,Add,00ATA,"HODGES, John"
07-Nov-2014,15:04:28,lumbm,P57844,Publish,00ATA,"HODGES, the Hon. John Charles"
07-Nov-2014,15:04:34,lumbm,P57844,Discard,TE7,"HODGES, the Hon. John Charles"
07-Nov-2014,15:04:41,lumbm,P57844,Delete,TE7,"HODGES, the Hon. John Charles"
07-Nov-2014,15:05:44,lumbm,P57844,Save,XF7,"JENKINS, the Hon. Dr Henry Alfred, AM"
07-Nov-2014,15:06:37,lumbm,P57844,Add,DRW,"JENKINS, Harry, (1925-2004)"
07-Nov-2014,15:08:20,lumbm,P57844,Publish,DRW,"JENKINS, the Hon. Dr Henry Alfred, AM"
07-Nov-2014,15:08:27,lumbm,P57844,Discard,XF7,"JENKINS, the Hon. Dr Henry Alfred, AM"
07-Nov-2014,15:08:31,lumbm,P57844,Delete,XF7,"JENKINS, the Hon. Dr Henry Alfred, AM"
07-Nov-2014,15:08:59,lumbm,P57844,Save,NH7,"LAJOVIC, Milivoj Emil"
07-Nov-2014,15:09:19,lumbm,P57844,Add,KQD,"LAJOVIC, Milivoj"
07-Nov-2014,15:10:38,lumbm,P57844,Publish,KQD,"LAJOVIC, Milivoj Emil"
07-Nov-2014,15:10:43,lumbm,P57844,Discard,NH7,"LAJOVIC, Milivoj Emil"
07-Nov-2014,15:10:48,lumbm,P57844,Delete,NH7,"LAJOVIC, Milivoj Emil"
07-Nov-2014,15:11:31,lumbm,P57844,Save,YJ7,"MASON, Colin Victor James"
07-Nov-2014,15:12:00,lumbm,P57844,Add,L8O,"MASON, Colin, (former Senator)"
07-Nov-2014,15:13:17,lumbm,P57844,Publish,L8O,"MASON, Colin Victor James"
07-Nov-2014,15:13:24,lumbm,P57844,Discard,YJ7,"MASON, Colin Victor James"
07-Nov-2014,15:13:28,lumbm,P57844,Delete,YJ7,"MASON, Colin Victor James"
07-Nov-2014,15:13:52,lumbm,P57844,Save,8K7,"MAYER, Helen"
07-Nov-2014,15:14:11,lumbm,P57844,Add,KOH,"MAYER, Helen"
07-Nov-2014,15:15:30,lumbm,P57844,Publish,KOH,"MAYER, Helen"
07-Nov-2014,15:15:39,lumbm,P57844,Discard,8K7,"MAYER, Helen"
07-Nov-2014,15:15:43,lumbm,P57844,Delete,8K7,"MAYER, Helen"
07-Nov-2014,15:36:28,lumbm,P57844,Save,EK7,"McCLELLAND, the Hon. Douglas, AC"
07-Nov-2014,15:37:01,lumbm,P57844,Add,KTA,"MCCLELLAND, Douglas"
07-Nov-2014,15:39:31,lumbm,P57844,Publish,KTA,"McCLELLAND, the Hon. Douglas, AC"
07-Nov-2014,15:39:38,lumbm,P57844,Discard,EK7,"McCLELLAND, the Hon. Douglas, AC"
07-Nov-2014,15:39:43,lumbm,P57844,Delete,EK7,"McCLELLAND, the Hon. Douglas, AC"
07-Nov-2014,15:40:14,lumbm,P57844,Save,WK7,"McINTOSH, Gordon Douglas"
07-Nov-2014,15:40:40,lumbm,P57844,Add,KTJ,"MCINTOSH, Gordon"
07-Nov-2014,15:42:11,lumbm,P57844,Publish,KTJ,"McINTOSH, Gordon Douglas"
07-Nov-2014,15:42:18,lumbm,P57844,Discard,WK7,"McINTOSH, Gordon Douglas"
07-Nov-2014,15:42:22,lumbm,P57844,Delete,WK7,"McINTOSH, Gordon Douglas"
07-Nov-2014,15:42:49,lumbm,P57844,Save,ML7,"McVEIGH, the Hon. Daniel Thomas"
07-Nov-2014,15:43:13,lumbm,P57844,Add,JUS,"MCVEIGH, Tom"
07-Nov-2014,15:45:25,lumbm,P57844,Save,JUS,"McVEIGH, the Hon. Daniel Thomas"
07-Nov-2014,15:45:44,lumbm,P57844,Save,JUS,"McVEIGH, the Hon. Daniel Thomas"
07-Nov-2014,15:45:53,lumbm,P57844,Publish,JUS,"McVEIGH, the Hon. Daniel Thomas"
07-Nov-2014,15:45:58,lumbm,P57844,Discard,ML7,"McVEIGH, the Hon. Daniel Thomas"
07-Nov-2014,15:46:03,lumbm,P57844,Delete,ML7,"McVEIGH, the Hon. Daniel Thomas"
07-Nov-2014,15:46:30,lumbm,P57844,Save,YL7,"MISSEN, Alan Joseph"
07-Nov-2014,15:46:49,lumbm,P57844,Add,KUU,"MISSEN, Alan"
07-Nov-2014,15:48:05,lumbm,P57844,Publish,KUU,"MISSEN, Alan Joseph"
07-Nov-2014,15:48:12,lumbm,P57844,Discard,YL7,"MISSEN, Alan Joseph"
07-Nov-2014,15:48:16,lumbm,P57844,Delete,YL7,"MISSEN, Alan Joseph"
07-Nov-2014,15:48:45,lumbm,P57844,Save,SO7,"PRIMMER, Cyril Graham"
07-Nov-2014,15:49:04,lumbm,P57844,Add,K1M,"PRIMMER, Cyril"
07-Nov-2014,15:50:20,lumbm,P57844,Publish,K1M,"PRIMMER, Cyril Graham"
07-Nov-2014,15:50:26,lumbm,P57844,Discard,SO7,"PRIMMER, Cyril Graham"
07-Nov-2014,15:50:33,lumbm,P57844,Delete,SO7,"PRIMMER, Cyril Graham"
07-Nov-2014,15:51:14,lumbm,P57844,Save,OP7,"ROBERTSON, Edward Albert"
07-Nov-2014,15:51:45,lumbm,P57844,Add,K2U,"ROBERTSON, Edward, (former Senator)"
07-Nov-2014,15:53:06,lumbm,P57844,Publish,K2U,"ROBERTSON, Edward Albert"
07-Nov-2014,15:53:12,lumbm,P57844,Discard,OP7,"ROBERTSON, Edward Albert"
07-Nov-2014,15:53:17,lumbm,P57844,Delete,OP7,"ROBERTSON, Edward Albert"
07-Nov-2014,15:54:11,lumbm,P57844,Save,MQ7,"SCOTT, the Hon. Douglas Barr"
07-Nov-2014,15:54:43,lumbm,P57844,Add,K5H,"SCOTT, Douglas, (former Senator)"
07-Nov-2014,15:56:03,lumbm,P57844,Publish,K5H,"SCOTT, the Hon. Douglas Barr"
07-Nov-2014,15:56:11,lumbm,P57844,Discard,MQ7,"SCOTT, the Hon. Douglas Barr"
07-Nov-2014,15:56:15,lumbm,P57844,Delete,MQ7,"SCOTT, the Hon. Douglas Barr"
07-Nov-2014,15:56:59,lumbm,P57844,Save,OT7,"VIGOR, David Bernard"
07-Nov-2014,15:57:41,lumbm,P57844,Add,KA8,"VIGOR, David"
07-Nov-2014,15:59:20,lumbm,P57844,Save,KA8,"VIGOR, David Bernard"
07-Nov-2014,16:05:24,lumbm,P57844,Publish,KA8,"VIGOR, David Bernard"
07-Nov-2014,16:05:29,lumbm,P57844,Discard,OT7,"VIGOR, David Bernard"
07-Nov-2014,16:05:33,lumbm,P57844,Delete,OT7,"VIGOR, David Bernard"
07-Nov-2014,16:07:19,lumbm,P57844,Save,8V7,"WOOD, William Robert"
07-Nov-2014,16:07:52,lumbm,P57844,Add,KBS,"WOOD, William, (former Senator)"
07-Nov-2014,16:09:47,lumbm,P57844,Publish,KBS,"WOOD, William Robert"
07-Nov-2014,16:09:52,lumbm,P57844,Discard,8V7,"WOOD, William Robert"
07-Nov-2014,16:09:57,lumbm,P57844,Delete,8V7,"WOOD, William Robert"
07-Nov-2014,16:10:44,lumbm,P57844,Save,0U3,"WOODS, Harry Francis"
07-Nov-2014,16:11:08,lumbm,P57844,Add,0U4,"WOODS, Harry, (former Member)"
07-Nov-2014,16:13:01,lumbm,P57844,Publish,0U4,"WOODS, Harry Francis"
07-Nov-2014,16:13:06,lumbm,P57844,Discard,0U3,"WOODS, Harry Francis"
07-Nov-2014,16:13:17,lumbm,P57844,Delete,0U3,"WOODS, Harry Francis"
07-Nov-2014,16:14:03,lumbm,P57844,Save,014,"MacKELLAR, the Hon. Michael John Randal"
07-Nov-2014,16:14:28,lumbm,P57844,Add,0I4,"MACKELLAR, Michael"
07-Nov-2014,16:15:58,lumbm,P57844,Publish,0I4,"MacKELLAR, the Hon. Michael John Randal"
07-Nov-2014,16:16:04,lumbm,P57844,Discard,014,"MacKELLAR, the Hon. Michael John Randal"
07-Nov-2014,16:16:08,lumbm,P57844,Delete,014,"MacKELLAR, the Hon. Michael John Randal"
07-Nov-2014,16:25:36,lumbm,P57844,Update,Partys,"Number of Partys: 15"
07-Nov-2014,16:25:51,lumbm,P57844,Save,EVL,"SIDDONS, John Royston"
07-Nov-2014,16:29:42,lumbm,P57844,Save,KA8,"VIGOR, David Bernard"
07-Nov-2014,16:29:52,lumbm,P57844,Publish,KA8,"VIGOR, David Bernard"
07-Nov-2014,16:31:29,lumbm,P57844,Save,KTA,"McCLELLAND, the Hon. Douglas, AC"
07-Nov-2014,16:31:35,lumbm,P57844,Publish,KTA,"McCLELLAND, the Hon. Douglas, AC"
11-Nov-2014,09:16:10,lumbm,P57844,Save,EZ5,"ABBOTT, the Hon. Anthony (Tony) John"
11-Nov-2014,09:16:14,lumbm,P57844,Publish,EZ5,"ABBOTT, the Hon. Anthony (Tony) John"
11-Nov-2014,09:19:29,lumbm,P57844,Save,EZ5,"ABBOTT, the Hon. Anthony (Tony) John"
11-Nov-2014,09:19:33,lumbm,P57844,Publish,EZ5,"ABBOTT, the Hon. Anthony (Tony) John"
18-Nov-2014,16:49:38,lumbm,P57844,Save,LLN,"EDWARDS, Dr Harold (Harry) Raymond"
18-Nov-2014,16:50:55,lumbm,P57844,Add,9G4,"EDWARDS, Harold"
18-Nov-2014,16:54:34,lumbm,P57844,Save,9G4,"EDWARDS, Dr Harold (Harry) Raymond"
18-Nov-2014,16:54:51,lumbm,P57844,Publish,9G4,"EDWARDS, Dr Harold (Harry) Raymond"
18-Nov-2014,16:54:58,lumbm,P57844,Discard,LLN,"EDWARDS, Dr Harold (Harry) Raymond"
18-Nov-2014,16:55:03,lumbm,P57844,Delete,LLN,"EDWARDS, Dr Harold (Harry) Raymond"
19-Nov-2014,09:47:37,lumbm,P57844,Save,250026,"LAMBIE, Jacquiline (Jacqui) Louise"
19-Nov-2014,09:47:46,lumbm,P57844,Publish,250026,"LAMBIE, Jacquiline (Jacqui) Louise"
19-Nov-2014,09:47:57,lumbm,P57844,Publish,EVL,"SIDDONS, John Royston"
19-Nov-2014,09:48:11,lumbm,P57844,Publish,M3K,"CROOK, Anthony (Tony) John"
24-Nov-2014,10:11:50,lumbm,P57844,Update,Partys,"Number of Partys: 16"
24-Nov-2014,10:13:57,lumbm,P57844,Save,250026,"LAMBIE, Jacquiline (Jacqui) Louise"
24-Nov-2014,10:14:02,lumbm,P57844,Publish,250026,"LAMBIE, Jacquiline (Jacqui) Louise"
25-Nov-2014,13:16:23,lumbm,P57844,Save,HWA,"RISHWORTH, the Hon. Amanda Louise"
25-Nov-2014,13:16:27,lumbm,P57844,Publish,HWA,"RISHWORTH, the Hon. Amanda Louise"
26-Nov-2014,13:33:47,lumbm,P57844,Save,198084,"WILSON, Richard (Rick) James"
26-Nov-2014,13:34:03,lumbm,P57844,Publish,198084,"WILSON, Richard (Rick) James"
