01-Apr-2015,13:36:26,gobbetth,P60696,Save,E5V,"PARRY, the Hon. Stephen Shane"
01-Apr-2015,13:36:31,gobbetth,P60696,Publish,E5V,"PARRY, the Hon. Stephen Shane"
01-Apr-2015,15:33:51,gobbetth,P60696,Save,ING,"GALLAGHER, Katy, Sen"
01-Apr-2015,15:33:54,gobbetth,P60696,Publish,ING,"GALLAGHER, Katy, Sen"
01-Apr-2015,15:38:30,gobbetth,P60696,Save,ING,"GALLAGHER, Katy, Sen"
01-Apr-2015,15:38:34,gobbetth,P60696,Publish,ING,"GALLAGHER, Katy, Sen"
01-Apr-2015,15:39:27,gobbetth,P60696,Save,ING,"GALLAGHER, Katy, Sen"
01-Apr-2015,15:39:30,gobbetth,P60696,Publish,ING,"GALLAGHER, Katy, Sen"
01-Apr-2015,15:41:58,gobbetth,P60696,Save,84M,"MASON, the Hon. Brett John"
01-Apr-2015,15:42:02,gobbetth,P60696,Publish,84M,"MASON, the Hon. Brett John"
01-Apr-2015,15:42:25,gobbetth,P60696,Save,84M,"MASON, the Hon. Brett John"
01-Apr-2015,15:43:23,gobbetth,P60696,Save,84M,"MASON, the Hon. Brett John"
01-Apr-2015,15:43:27,gobbetth,P60696,Publish,84M,"MASON, the Hon. Brett John"
02-Apr-2015,13:45:09,gobbetth,P60705,Save,ING,"GALLAGHER, Katy, Sen"
02-Apr-2015,13:45:13,gobbetth,P60705,Publish,ING,"GALLAGHER, Katy, Sen"
02-Apr-2015,13:46:33,gobbetth,P60705,Save,ING,"GALLAGHER, Katy, Sen"
02-Apr-2015,13:46:36,gobbetth,P60705,Publish,ING,"GALLAGHER, Katy, Sen"
02-Apr-2015,13:48:24,gobbetth,P60705,Save,ING,"GALLAGHER, Katy"
02-Apr-2015,13:48:33,gobbetth,P60705,Save,ING,"GALLAGHER, Katy"
02-Apr-2015,13:48:36,gobbetth,P60705,Publish,ING,"GALLAGHER, Katy"
02-Apr-2015,13:49:31,gobbetth,P60705,Save,ING,"GALLAGHER, Katy"
02-Apr-2015,13:49:34,gobbetth,P60705,Publish,ING,"GALLAGHER, Katy"
16-Apr-2015,10:22:40,gobbetth,P60696,Save,208884,"PORTER, the Hon. Christian"
16-Apr-2015,10:45:57,gobbetth,P60696,Save,ING,"GALLAGHER, Katy"
16-Apr-2015,10:46:06,gobbetth,P60696,Publish,ING,"GALLAGHER, Katy"
16-Apr-2015,10:46:12,gobbetth,P60696,Publish,208884,"PORTER, the Hon. Christian"
16-Apr-2015,10:47:06,gobbetth,P60696,Save,M3C,"BANDT, Adam"
16-Apr-2015,10:47:11,gobbetth,P60696,Publish,M3C,"BANDT, Adam"
16-Apr-2015,11:16:55,gobbetth,P60696,Save,ING,"GALLAGHER, Katy"
16-Apr-2015,11:16:59,gobbetth,P60696,Publish,ING,"GALLAGHER, Katy"
16-Apr-2015,11:42:58,gobbetth,P60696,Save,8W5,"GRAY, the Hon. Gary, AO"
16-Apr-2015,11:43:07,gobbetth,P60696,Save,8W5,"GRAY, the Hon. Gary, AO"
16-Apr-2015,11:43:10,gobbetth,P60696,Publish,8W5,"GRAY, the Hon. Gary, AO"
16-Apr-2015,11:57:22,gobbetth,P60696,Save,0V5,"SLIPPER, the Hon. Peter Neil"
16-Apr-2015,11:57:26,gobbetth,P60696,Publish,0V5,"SLIPPER, the Hon. Peter Neil"
16-Apr-2015,16:00:33,gobbetth,P60696,Save,0V5,"SLIPPER, the Hon. Peter Neil"
16-Apr-2015,16:00:37,gobbetth,P60696,Publish,0V5,"SLIPPER, the Hon. Peter Neil"
16-Apr-2015,16:01:00,gobbetth,P60696,Save,0V5,"SLIPPER, the Hon. Peter Neil"
17-Apr-2015,12:25:49,gobbetth,P60705,Save,84M,"MASON, the Hon. Brett John"
17-Apr-2015,14:48:19,gobbetth,P60696,Save,HX4,"KATTER, the Hon. Robert (Bob) Carl"
17-Apr-2015,14:48:22,gobbetth,P60696,Publish,HX4,"KATTER, the Hon. Robert (Bob) Carl"
17-Apr-2015,14:51:52,gobbetth,P60696,Save,84M,"MASON, the Hon. Brett John"
17-Apr-2015,14:51:57,gobbetth,P60696,Publish,84M,"MASON, the Hon. Brett John"
21-Apr-2015,15:21:06,gobbetth,P60696,Save,ING,"GALLAGHER, Katy"
21-Apr-2015,15:21:13,gobbetth,P60696,Publish,ING,"GALLAGHER, Katy"
