01-Dec-2014,16:32:57,gobbetth,P58297,Save,GB6,"COLLINS, the Hon. Jacinta Mary Ann"
01-Dec-2014,16:34:52,gobbetth,P58297,Save,112096,"LINES, Susan (Sue)"
01-Dec-2014,16:36:04,gobbetth,P58297,Save,00AOU,"WONG, the Hon. Penelope (Penny) Ying Yen"
01-Dec-2014,16:37:02,gobbetth,P58297,Save,111206,"LEYONHJELM, David Ean"
01-Dec-2014,16:38:57,gobbetth,P58297,Save,111206,"LEYONHJELM, David Ean"
01-Dec-2014,16:40:07,gobbetth,P58297,Save,111206,"LEYONHJELM, David Ean"
01-Dec-2014,16:46:29,gobbetth,P58297,Save,I0V,"WILLIAMS, John Reginald"
01-Dec-2014,16:46:43,gobbetth,P58297,Publish,I0V,"WILLIAMS, John Reginald"
01-Dec-2014,16:46:46,gobbetth,P58297,RePublish,I0V,"WILLIAMS, John Reginald"
01-Dec-2014,16:46:50,gobbetth,P58297,RePublish,I0V,"WILLIAMS, John Reginald"
01-Dec-2014,16:46:56,gobbetth,P58297,Publish,GB6,"COLLINS, the Hon. Jacinta Mary Ann"
01-Dec-2014,16:47:01,gobbetth,P58297,Publish,111206,"LEYONHJELM, David Ean"
01-Dec-2014,16:47:05,gobbetth,P58297,Publish,00AOU,"WONG, the Hon. Penelope (Penny) Ying Yen"
01-Dec-2014,16:47:10,gobbetth,P58297,Publish,112096,"LINES, Susan (Sue)"
02-Dec-2014,16:34:42,gobbetth,P58297,Save,E5E,"McEWEN, Anne"
02-Dec-2014,16:34:46,gobbetth,P58297,Save,E5E,"McEWEN, Anne"
02-Dec-2014,16:34:51,gobbetth,P58297,Publish,E5E,"McEWEN, Anne"
08-Dec-2014,11:02:09,gobbetth,P58297,Save,108616,"LAZARUS, Glenn Patrick"
08-Dec-2014,11:03:08,gobbetth,P58297,Save,250045,"WANG, Zhenya (Dio)"
08-Dec-2014,11:04:33,gobbetth,P58297,Save,J7Q,"BACK, Dr Christopher John"
08-Dec-2014,11:05:20,gobbetth,P58297,Save,245212,"CANAVAN, Matthew James"
08-Dec-2014,11:06:01,gobbetth,P58297,Save,HYG,"DAY, Robert (Bob) John, AO"
08-Dec-2014,11:06:33,gobbetth,P58297,Save,111206,"LEYONHJELM, David Ean"
08-Dec-2014,11:06:48,gobbetth,P58297,Save,245212,"CANAVAN, Matthew James"
08-Dec-2014,11:06:53,gobbetth,P58297,Save,HYG,"DAY, Robert (Bob) John, AO"
08-Dec-2014,11:07:50,gobbetth,P58297,Save,217571,"MADIGAN, John Joseph"
08-Dec-2014,11:08:44,gobbetth,P58297,Save,G0D,"BERNARDI, Cory"
08-Dec-2014,11:11:07,gobbetth,P58297,Save,83M,"PLIBERSEK, the Hon. Tanya Joan"
08-Dec-2014,11:11:34,gobbetth,P58297,Save,YT4,"SCOTT, the Hon. Bruce Craig"
08-Dec-2014,11:12:15,gobbetth,P58297,Save,HWL,"CLARE, the Hon. Jason Dean"
08-Dec-2014,11:13:12,gobbetth,P58297,Save,HWG,"DREYFUS, the Hon. Mark Alfred, QC"
08-Dec-2014,11:15:16,gobbetth,P58297,Save,231199,"URQUHART, Anne Elizabeth"
08-Dec-2014,11:15:35,gobbetth,P58297,Save,250045,"WANG, Zhenya (Dio)"
08-Dec-2014,11:15:50,gobbetth,P58297,Save,HWL,"CLARE, the Hon. Jason Dean"
08-Dec-2014,11:16:02,gobbetth,P58297,Save,HWG,"DREYFUS, the Hon. Mark Alfred, QC"
08-Dec-2014,11:16:23,gobbetth,P58297,Save,111206,"LEYONHJELM, David Ean"
08-Dec-2014,11:16:34,gobbetth,P58297,Save,HYG,"DAY, Robert (Bob) John, AO"
08-Dec-2014,11:16:55,gobbetth,P58297,Save,G0D,"BERNARDI, Cory"
08-Dec-2014,11:17:09,gobbetth,P58297,Save,83M,"PLIBERSEK, the Hon. Tanya Joan"
08-Dec-2014,11:17:25,gobbetth,P58297,Save,YT4,"SCOTT, the Hon. Bruce Craig"
08-Dec-2014,11:17:38,gobbetth,P58297,Save,217571,"MADIGAN, John Joseph"
08-Dec-2014,11:18:11,gobbetth,P58297,Save,108616,"LAZARUS, Glenn Patrick"
08-Dec-2014,11:18:29,gobbetth,P58297,Save,245212,"CANAVAN, Matthew James"
08-Dec-2014,11:18:45,gobbetth,P58297,Save,J7Q,"BACK, Dr Christopher John"
08-Dec-2014,11:19:34,gobbetth,P58297,Save,HZB,"BILYK, Catryna Louise"
08-Dec-2014,11:21:34,gobbetth,P58297,Save,53369,"DI NATALE, Richard"
08-Dec-2014,11:23:19,gobbetth,P58297,Save,I07,"LUDLAM, Scott"
08-Dec-2014,11:25:55,gobbetth,P58297,Publish,HWL,"CLARE, the Hon. Jason Dean"
08-Dec-2014,11:25:59,gobbetth,P58297,Publish,245212,"CANAVAN, Matthew James"
08-Dec-2014,11:26:02,gobbetth,P58297,Publish,HWG,"DREYFUS, the Hon. Mark Alfred, QC"
08-Dec-2014,11:26:06,gobbetth,P58297,Publish,HYG,"DAY, Robert (Bob) John, AO"
08-Dec-2014,11:26:11,gobbetth,P58297,Publish,53369,"DI NATALE, Richard"
08-Dec-2014,11:26:15,gobbetth,P58297,Publish,YT4,"SCOTT, the Hon. Bruce Craig"
08-Dec-2014,11:26:19,gobbetth,P58297,Publish,HZB,"BILYK, Catryna Louise"
08-Dec-2014,11:26:23,gobbetth,P58297,Publish,I07,"LUDLAM, Scott"
08-Dec-2014,11:26:29,gobbetth,P58297,Publish,217571,"MADIGAN, John Joseph"
08-Dec-2014,11:26:35,gobbetth,P58297,Publish,231199,"URQUHART, Anne Elizabeth"
08-Dec-2014,11:26:38,gobbetth,P58297,Publish,G0D,"BERNARDI, Cory"
08-Dec-2014,11:26:42,gobbetth,P58297,Publish,108616,"LAZARUS, Glenn Patrick"
08-Dec-2014,11:26:45,gobbetth,P58297,Publish,250045,"WANG, Zhenya (Dio)"
08-Dec-2014,11:26:50,gobbetth,P58297,Publish,111206,"LEYONHJELM, David Ean"
08-Dec-2014,11:26:53,gobbetth,P58297,Publish,83M,"PLIBERSEK, the Hon. Tanya Joan"
08-Dec-2014,11:27:10,gobbetth,P58297,Publish,J7Q,"BACK, Dr Christopher John"
