01-May-2015,10:24:54,gobbetth,P60696,Save,84M,"MASON, the Hon. Brett John"
01-May-2015,10:24:57,gobbetth,P60696,Publish,84M,"MASON, the Hon. Brett John"
01-May-2015,16:05:52,gobbetth,P60696,Save,E5V,"PARRY, the Hon. Stephen Shane"
01-May-2015,16:05:57,gobbetth,P60696,Publish,E5V,"PARRY, the Hon. Stephen Shane"
04-May-2015,12:01:33,gobbetth,P60705,Save,EZ5,"ABBOTT, the Hon. Anthony (Tony) John"
04-May-2015,12:05:06,gobbetth,P60705,Save,83P,"BISHOP, the Hon. Julie Isabel"
04-May-2015,12:05:36,gobbetth,P60705,Save,EZ5,"ABBOTT, the Hon. Anthony (Tony) John"
04-May-2015,12:06:28,gobbetth,P60705,Save,00ATG,"SHORTEN, the Hon. William (Bill) Richard"
04-May-2015,12:06:36,gobbetth,P60705,Publish,EZ5,"ABBOTT, the Hon. Anthony (Tony) John"
04-May-2015,12:06:57,gobbetth,P60705,Save,0V5,"SLIPPER, the Hon. Peter Neil"
04-May-2015,12:06:59,gobbetth,P60705,Publish,0V5,"SLIPPER, the Hon. Peter Neil"
04-May-2015,12:07:02,gobbetth,P60705,Publish,83P,"BISHOP, the Hon. Julie Isabel"
04-May-2015,12:07:06,gobbetth,P60705,Publish,00ATG,"SHORTEN, the Hon. William (Bill) Richard"
04-May-2015,12:17:17,gobbetth,P60705,Save,83M,"PLIBERSEK, the Hon. Tanya Joan"
04-May-2015,12:17:20,gobbetth,P60705,Publish,83M,"PLIBERSEK, the Hon. Tanya Joan"
04-May-2015,12:19:58,gobbetth,P60705,RePublish,83M,"PLIBERSEK, the Hon. Tanya Joan"
06-May-2015,12:57:54,gobbetth,P60696,Save,KA5,"MILNE, Christine Anne"
06-May-2015,13:31:26,gobbetth,P60696,Publish,KA5,"MILNE, Christine Anne"
06-May-2015,13:59:58,gobbetth,P60696,Save,53369,"DI NATALE, Richard"
06-May-2015,14:02:01,gobbetth,P60696,Save,192970,"WATERS, Larissa Joy"
06-May-2015,14:02:39,gobbetth,P60696,Save,I07,"LUDLAM, Scott"
06-May-2015,14:03:04,gobbetth,P60696,Save,M3C,"BANDT, Adam"
06-May-2015,14:03:30,gobbetth,P60696,Save,192970,"WATERS, Larissa Joy"
06-May-2015,14:03:33,gobbetth,P60696,Publish,192970,"WATERS, Larissa Joy"
06-May-2015,14:04:21,gobbetth,P60696,Save,I07,"LUDLAM, Scott"
06-May-2015,14:04:50,gobbetth,P60696,Save,192970,"WATERS, Larissa Joy"
06-May-2015,14:04:54,gobbetth,P60696,Publish,192970,"WATERS, Larissa Joy"
06-May-2015,14:05:03,gobbetth,P60696,Save,I07,"LUDLAM, Scott"
06-May-2015,14:05:06,gobbetth,P60696,Publish,I07,"LUDLAM, Scott"
06-May-2015,14:05:34,gobbetth,P60696,Save,53369,"DI NATALE, Richard"
06-May-2015,14:15:28,gobbetth,P60696,Save,53369,"DI NATALE, Richard"
06-May-2015,14:15:31,gobbetth,P60696,Publish,53369,"DI NATALE, Richard"
06-May-2015,14:23:36,gobbetth,P60696,Save,M3C,"BANDT, Adam"
06-May-2015,14:23:40,gobbetth,P60696,Publish,M3C,"BANDT, Adam"
06-May-2015,16:53:07,gobbetth,P60696,Add,121628,"McALLISTER, Jenny, Sen"
06-May-2015,16:54:00,gobbetth,P60696,Save,121628,"McALLISTER, Jennifer (Jenny)"
06-May-2015,16:54:04,gobbetth,P60696,Publish,121628,"McALLISTER, Jennifer (Jenny)"
06-May-2015,16:56:03,gobbetth,P60696,Save,121628,"McALLISTER, Jennifer (Jenny)"
06-May-2015,16:58:42,gobbetth,P60696,Save,121628,"McALLISTER, Jennifer (Jenny)"
06-May-2015,16:58:47,gobbetth,P60696,Publish,121628,"McALLISTER, Jennifer (Jenny)"
06-May-2015,17:05:42,gobbetth,P60696,Save,121628,"McALLISTER, Jennifer (Jenny)"
06-May-2015,17:05:45,gobbetth,P60696,Publish,121628,"McALLISTER, Jennifer (Jenny)"
11-May-2015,15:40:43,gobbetth,P60696,Save,ING,"GALLAGHER, Katy"
11-May-2015,15:40:46,gobbetth,P60696,Publish,ING,"GALLAGHER, Katy"
13-May-2015,09:43:43,gobbetth,P60696,Save,HW9,"CHAMPION, Nicholas (Nick) David"
13-May-2015,09:43:48,gobbetth,P60696,Publish,HW9,"CHAMPION, Nicholas (Nick) David"
14-May-2015,14:12:48,gobbetth,P60696,Save,230531,"BUCHHOLZ, Scott Andrew"
14-May-2015,14:13:21,gobbetth,P60696,Save,0J4,"RUDDOCK, the Hon. Philip Maxwell"
14-May-2015,14:14:13,gobbetth,P60696,Save,0J4,"RUDDOCK, the Hon. Philip Maxwell"
14-May-2015,14:15:44,gobbetth,P60696,Save,121628,"McALLISTER, Jennifer (Jenny)"
14-May-2015,14:16:02,gobbetth,P60696,Save,E5E,"McEWEN, Anne"
14-May-2015,14:22:19,gobbetth,P60696,Publish,230531,"BUCHHOLZ, Scott Andrew"
14-May-2015,14:22:22,gobbetth,P60696,Publish,121628,"McALLISTER, Jennifer (Jenny)"
14-May-2015,14:22:27,gobbetth,P60696,Publish,0J4,"RUDDOCK, the Hon. Philip Maxwell"
14-May-2015,14:22:31,gobbetth,P60696,Publish,E5E,"McEWEN, Anne"
14-May-2015,16:37:37,gobbetth,P60696,Save,E5V,"PARRY, the Hon. Stephen Shane"
14-May-2015,16:39:13,gobbetth,P60696,Save,SE4,"BISHOP, the Hon. Bronwyn Kathleen"
14-May-2015,16:39:16,gobbetth,P60696,Publish,SE4,"BISHOP, the Hon. Bronwyn Kathleen"
14-May-2015,16:39:22,gobbetth,P60696,Publish,E5V,"PARRY, the Hon. Stephen Shane"
15-May-2015,11:55:06,gobbetth,P60696,Save,121628,"McALLISTER, Jennifer (Jenny)"
15-May-2015,11:55:10,gobbetth,P60696,Publish,121628,"McALLISTER, Jennifer (Jenny)"
20-May-2015,15:41:53,gobbetth,P60696,Save,AW5,"CARR, the Hon. Kim John"
20-May-2015,15:43:52,gobbetth,P60696,Save,121628,"McALLISTER, Jennifer (Jenny)"
20-May-2015,15:44:16,gobbetth,P60696,Save,AI6,"CAMERON, the Hon. Douglas Niven"
20-May-2015,15:44:54,gobbetth,P60696,Save,F49,"BROWN, Carol Louise"
20-May-2015,15:52:40,gobbetth,P60696,Publish,AI6,"CAMERON, the Hon. Douglas Niven"
20-May-2015,15:52:44,gobbetth,P60696,Publish,AW5,"CARR, the Hon. Kim John"
20-May-2015,15:52:48,gobbetth,P60696,Publish,121628,"McALLISTER, Jennifer (Jenny)"
20-May-2015,15:52:53,gobbetth,P60696,Publish,F49,"BROWN, Carol Louise"
25-May-2015,10:43:44,gobbetth,P60696,Add,258337,"LINDGREN, Joanna"
25-May-2015,11:04:22,gobbetth,P60696,Save,258337,"LINDGREN, Joanna"
25-May-2015,11:04:45,gobbetth,P60696,Publish,258337,"LINDGREN, Joanna"
25-May-2015,11:13:43,gobbetth,P60696,Save,258337,"LINDGREN, Joanna"
25-May-2015,11:13:47,gobbetth,P60696,Publish,258337,"LINDGREN, Joanna"
25-May-2015,11:21:45,gobbetth,P60696,Save,KA5,"MILNE, Christine Anne"
25-May-2015,11:22:03,gobbetth,P60696,Save,53369,"DI NATALE, Richard"
25-May-2015,11:22:20,gobbetth,P60696,Publish,KA5,"MILNE, Christine Anne"
25-May-2015,11:22:25,gobbetth,P60696,Publish,53369,"DI NATALE, Richard"
25-May-2015,15:08:22,gobbetth,P60696,Save,53369,"DI NATALE, Richard"
25-May-2015,15:13:19,gobbetth,P60696,Save,KA5,"MILNE, Christine Anne"
25-May-2015,15:14:05,gobbetth,P60696,Save,KA5,"MILNE, Christine Anne"
25-May-2015,15:15:21,gobbetth,P60696,Save,192970,"WATERS, Larissa Joy"
25-May-2015,15:17:41,gobbetth,P60696,Save,I07,"LUDLAM, Scott"
25-May-2015,15:19:45,gobbetth,P60696,Save,E5Z,"SIEWERT, Rachel Mary"
25-May-2015,15:21:06,gobbetth,P60696,Save,M3C,"BANDT, Adam"
25-May-2015,15:22:49,gobbetth,P60696,Save,I0U,"HANSON-YOUNG, Sarah Coral"
25-May-2015,15:24:33,gobbetth,P60696,Save,CPR,"RHIANNON, Lee"
25-May-2015,15:26:07,gobbetth,P60696,Save,200287,"WRIGHT, Penelope (Penny) Lesley"
25-May-2015,15:27:25,gobbetth,P60696,Save,195565,"WHISH-WILSON, Peter Stuart"
25-May-2015,15:28:13,gobbetth,P60696,Save,155410,"RICE, Janet Elizabeth"
25-May-2015,15:28:38,gobbetth,P60696,Publish,KA5,"MILNE, Christine Anne"
25-May-2015,15:28:42,gobbetth,P60696,Publish,53369,"DI NATALE, Richard"
25-May-2015,15:45:30,gobbetth,P60696,Publish,CPR,"RHIANNON, Lee"
25-May-2015,15:45:34,gobbetth,P60696,Publish,E5Z,"SIEWERT, Rachel Mary"
25-May-2015,15:45:37,gobbetth,P60696,Publish,I0U,"HANSON-YOUNG, Sarah Coral"
25-May-2015,15:45:40,gobbetth,P60696,Publish,I07,"LUDLAM, Scott"
25-May-2015,15:45:43,gobbetth,P60696,Publish,192970,"WATERS, Larissa Joy"
25-May-2015,15:45:46,gobbetth,P60696,Publish,195565,"WHISH-WILSON, Peter Stuart"
25-May-2015,15:45:49,gobbetth,P60696,Publish,M3C,"BANDT, Adam"
25-May-2015,15:45:52,gobbetth,P60696,Publish,155410,"RICE, Janet Elizabeth"
25-May-2015,15:45:56,gobbetth,P60696,Publish,200287,"WRIGHT, Penelope (Penny) Lesley"
25-May-2015,15:56:51,gobbetth,P60696,Save,E0J,"KEENAN, the Hon. Michael Fayat"
25-May-2015,15:56:54,gobbetth,P60696,Publish,E0J,"KEENAN, the Hon. Michael Fayat"
26-May-2015,12:06:33,gobbetth,P60696,Save,123674,"McGOWAN, Catherine (Cathy), AO"
26-May-2015,12:07:00,gobbetth,P60696,Save,159771,"ROWLAND, Michelle Anne"
26-May-2015,12:10:10,gobbetth,P60696,Publish,159771,"ROWLAND, Michelle Anne"
26-May-2015,12:10:14,gobbetth,P60696,Publish,123674,"McGOWAN, Catherine (Cathy), AO"
26-May-2015,17:33:19,gobbetth,P60696,Save,E4T,"FIERRAVANTI-WELLS, the Hon. Concetta (Connie) Anna"
26-May-2015,17:34:11,gobbetth,P60696,Save,0J4,"RUDDOCK, the Hon. Philip Maxwell"
26-May-2015,17:34:25,gobbetth,P60696,Save,E4T,"FIERRAVANTI-WELLS, the Hon. Concetta (Connie) Anna"
26-May-2015,17:34:29,gobbetth,P60696,Publish,E4T,"FIERRAVANTI-WELLS, the Hon. Concetta (Connie) Anna"
26-May-2015,17:34:32,gobbetth,P60696,Publish,0J4,"RUDDOCK, the Hon. Philip Maxwell"
27-May-2015,10:29:52,gobbetth,P60696,Save,E4T,"FIERRAVANTI-WELLS, the Hon. Concetta (Connie) Anna"
27-May-2015,10:30:05,gobbetth,P60696,Save,0J4,"RUDDOCK, the Hon. Philip Maxwell"
27-May-2015,10:30:22,gobbetth,P60696,Save,E0J,"KEENAN, the Hon. Michael Fayat"
27-May-2015,10:30:28,gobbetth,P60696,Publish,E4T,"FIERRAVANTI-WELLS, the Hon. Concetta (Connie) Anna"
27-May-2015,10:30:32,gobbetth,P60696,Publish,0J4,"RUDDOCK, the Hon. Philip Maxwell"
27-May-2015,10:30:36,gobbetth,P60696,Publish,E0J,"KEENAN, the Hon. Michael Fayat"
27-May-2015,13:57:05,gobbetth,P60696,Save,258337,"LINDGREN, Joanna"
27-May-2015,13:57:09,gobbetth,P60696,Publish,258337,"LINDGREN, Joanna"
28-May-2015,15:34:30,gobbetth,P60696,Save,E4T,"FIERRAVANTI-WELLS, the Hon. Concetta (Connie) Anna"
28-May-2015,15:34:58,gobbetth,P60696,Save,E0J,"KEENAN, the Hon. Michael Fayat"
28-May-2015,15:36:15,gobbetth,P60696,Publish,E4T,"FIERRAVANTI-WELLS, the Hon. Concetta (Connie) Anna"
28-May-2015,15:36:20,gobbetth,P60696,Publish,E0J,"KEENAN, the Hon. Michael Fayat"
28-May-2015,16:35:24,gobbetth,P60696,Save,0J4,"RUDDOCK, the Hon. Philip Maxwell"
28-May-2015,16:35:28,gobbetth,P60696,Publish,0J4,"RUDDOCK, the Hon. Philip Maxwell"
