05-Jan-2015,13:46:56,gobbetth,P58297,Save,00AOM,"SCULLION, the Hon. Nigel Gregory"
05-Jan-2015,13:47:39,gobbetth,P58297,Save,N26,"ABETZ, the Hon. Eric"
05-Jan-2015,13:48:17,gobbetth,P58297,Save,I0M,"CASH, the Hon. Michaelia Clare"
05-Jan-2015,13:51:05,gobbetth,P58297,Save,00AN0,"CIOBO, the Hon. Steven Michele"
05-Jan-2015,13:51:41,gobbetth,P58297,Save,008W7,"BRANDIS, the Hon. George Henry, QC"
05-Jan-2015,13:54:19,gobbetth,P58297,Save,H6X,"BIRMINGHAM, the Hon. Simon John"
05-Jan-2015,13:55:15,gobbetth,P58297,Save,230886,"ANDREWS, Karen Lesley"
05-Jan-2015,13:57:41,gobbetth,P58297,Save,HK5,"ANDREWS, the Hon. Kevin James"
05-Jan-2015,13:59:08,gobbetth,P58297,Save,00AN0,"CIOBO, the Hon. Steven Michele"
05-Jan-2015,13:59:36,gobbetth,P58297,Save,H6X,"BIRMINGHAM, the Hon. Simon John"
05-Jan-2015,14:00:27,gobbetth,P58297,Save,00AN0,"CIOBO, the Hon. Steven Michele"
05-Jan-2015,14:00:42,gobbetth,P58297,Save,H6X,"BIRMINGHAM, the Hon. Simon John"
05-Jan-2015,14:08:17,gobbetth,P58297,Save,00AKI,"DUTTON, the Hon. Peter Craig"
05-Jan-2015,14:10:38,gobbetth,P58297,Save,LL6,"BALDWIN, the Hon. Robert (Bob) Charles"
05-Jan-2015,14:13:48,gobbetth,P58297,Save,FKL,"FRYDENBERG, the Hon. Josh"
05-Jan-2015,14:15:09,gobbetth,P58297,Save,D2I,"FIFIELD, the Hon. Mitchell (Mitch) Peter"
05-Jan-2015,14:15:31,gobbetth,P58297,Save,E4T,"FIERRAVANTI-WELLS, the Hon. Concetta (Connie) Anna"
05-Jan-2015,14:16:48,gobbetth,P58297,Save,00AMN,"LEY, the Hon. Sussan Penelope"
05-Jan-2015,14:17:22,gobbetth,P58297,Save,LKU,"O'DWYER, Kelly Megan"
05-Jan-2015,14:18:00,gobbetth,P58297,Save,E5G,"NASH, the Hon. Fiona Joy"
05-Jan-2015,14:19:14,gobbetth,P58297,Save,XT4,"RONALDSON, the Hon. Michael John Clyde"
05-Jan-2015,14:21:08,gobbetth,P58297,Save,WN6,"MACFARLANE, the Hon. Ian Elgin"
05-Jan-2015,14:24:33,gobbetth,P58297,Save,M56,"PAYNE, the Hon. Marise Ann"
05-Jan-2015,14:25:38,gobbetth,P58297,Save,9V5,"PYNE, the Hon. Christopher Maurice"
05-Jan-2015,14:26:34,gobbetth,P58297,Save,I0Q,"RYAN, the Hon. Scott Michael"
05-Jan-2015,14:27:29,gobbetth,P58297,Save,E3L,"MORRISON, the Hon. Scott John"
05-Jan-2015,14:30:02,gobbetth,P58297,Save,208884,"PORTER, the Hon. Christian"
05-Jan-2015,14:31:07,gobbetth,P58297,Save,BV7,"SINODINOS, the Hon. Arthur"
05-Jan-2015,14:32:10,gobbetth,P58297,Save,00AN0,"CIOBO, the Hon. Steven Michele"
05-Jan-2015,14:32:25,gobbetth,P58297,Save,N26,"ABETZ, the Hon. Eric"
05-Jan-2015,14:32:45,gobbetth,P58297,Save,00AMN,"LEY, the Hon. Sussan Penelope"
05-Jan-2015,14:32:58,gobbetth,P58297,Save,E4T,"FIERRAVANTI-WELLS, the Hon. Concetta (Connie) Anna"
05-Jan-2015,14:33:11,gobbetth,P58297,Save,00AOM,"SCULLION, the Hon. Nigel Gregory"
05-Jan-2015,14:33:30,gobbetth,P58297,Save,H6X,"BIRMINGHAM, the Hon. Simon John"
05-Jan-2015,14:33:40,gobbetth,P58297,Save,M56,"PAYNE, the Hon. Marise Ann"
05-Jan-2015,14:33:54,gobbetth,P58297,Save,208884,"PORTER, the Hon. Christian"
05-Jan-2015,14:34:25,gobbetth,P58297,Save,FKL,"FRYDENBERG, the Hon. Josh"
05-Jan-2015,14:34:48,gobbetth,P58297,Save,WN6,"MACFARLANE, the Hon. Ian Elgin"
05-Jan-2015,14:34:59,gobbetth,P58297,Save,I0M,"CASH, the Hon. Michaelia Clare"
05-Jan-2015,14:35:11,gobbetth,P58297,Save,I0Q,"RYAN, the Hon. Scott Michael"
05-Jan-2015,14:35:57,gobbetth,P58297,Save,HK5,"ANDREWS, the Hon. Kevin James"
05-Jan-2015,14:36:27,gobbetth,P58297,Save,00AKI,"DUTTON, the Hon. Peter Craig"
05-Jan-2015,14:36:40,gobbetth,P58297,Save,LKU,"O'DWYER, Kelly Megan"
05-Jan-2015,14:37:00,gobbetth,P58297,Save,LL6,"BALDWIN, the Hon. Robert (Bob) Charles"
05-Jan-2015,14:37:08,gobbetth,P58297,Save,E5G,"NASH, the Hon. Fiona Joy"
05-Jan-2015,14:37:21,gobbetth,P58297,Save,E3L,"MORRISON, the Hon. Scott John"
05-Jan-2015,14:37:28,gobbetth,P58297,Save,BV7,"SINODINOS, the Hon. Arthur"
05-Jan-2015,14:38:05,gobbetth,P58297,Save,9V5,"PYNE, the Hon. Christopher Maurice"
05-Jan-2015,14:38:15,gobbetth,P58297,Publish,00AN0,"CIOBO, the Hon. Steven Michele"
05-Jan-2015,14:38:18,gobbetth,P58297,Publish,N26,"ABETZ, the Hon. Eric"
05-Jan-2015,14:38:24,gobbetth,P58297,Publish,00AMN,"LEY, the Hon. Sussan Penelope"
05-Jan-2015,14:38:27,gobbetth,P58297,Publish,E4T,"FIERRAVANTI-WELLS, the Hon. Concetta (Connie) Anna"
05-Jan-2015,14:38:30,gobbetth,P58297,Publish,00AOM,"SCULLION, the Hon. Nigel Gregory"
05-Jan-2015,14:38:34,gobbetth,P58297,Publish,H6X,"BIRMINGHAM, the Hon. Simon John"
05-Jan-2015,14:38:38,gobbetth,P58297,Publish,M56,"PAYNE, the Hon. Marise Ann"
05-Jan-2015,14:38:44,gobbetth,P58297,Publish,208884,"PORTER, the Hon. Christian"
05-Jan-2015,14:38:49,gobbetth,P58297,Publish,008W7,"BRANDIS, the Hon. George Henry, QC"
05-Jan-2015,14:38:53,gobbetth,P58297,Publish,FKL,"FRYDENBERG, the Hon. Josh"
05-Jan-2015,14:38:56,gobbetth,P58297,Publish,HK5,"ANDREWS, the Hon. Kevin James"
05-Jan-2015,14:38:59,gobbetth,P58297,Publish,E3L,"MORRISON, the Hon. Scott John"
05-Jan-2015,14:39:01,gobbetth,P58297,Publish,LKU,"O'DWYER, Kelly Megan"
05-Jan-2015,14:39:04,gobbetth,P58297,Publish,I0M,"CASH, the Hon. Michaelia Clare"
05-Jan-2015,14:39:07,gobbetth,P58297,Publish,230886,"ANDREWS, Karen Lesley"
05-Jan-2015,14:39:10,gobbetth,P58297,Publish,WN6,"MACFARLANE, the Hon. Ian Elgin"
05-Jan-2015,14:39:13,gobbetth,P58297,Publish,I0Q,"RYAN, the Hon. Scott Michael"
05-Jan-2015,14:39:16,gobbetth,P58297,Publish,00AKI,"DUTTON, the Hon. Peter Craig"
05-Jan-2015,14:39:18,gobbetth,P58297,Publish,LL6,"BALDWIN, the Hon. Robert (Bob) Charles"
05-Jan-2015,14:39:21,gobbetth,P58297,Publish,E5G,"NASH, the Hon. Fiona Joy"
05-Jan-2015,14:39:25,gobbetth,P58297,Publish,BV7,"SINODINOS, the Hon. Arthur"
05-Jan-2015,14:39:29,gobbetth,P58297,Publish,XT4,"RONALDSON, the Hon. Michael John Clyde"
05-Jan-2015,14:39:32,gobbetth,P58297,Publish,D2I,"FIFIELD, the Hon. Mitchell (Mitch) Peter"
05-Jan-2015,14:39:36,gobbetth,P58297,Publish,9V5,"PYNE, the Hon. Christopher Maurice"
05-Jan-2015,14:43:27,gobbetth,P58297,Save,00AON,"JOHNSTON, the Hon. David Albert Lloyd"
05-Jan-2015,14:44:26,gobbetth,P58297,Save,84M,"MASON, the Hon. Brett John"
05-Jan-2015,14:48:37,gobbetth,P58297,Save,208884,"PORTER, the Hon. Christian"
05-Jan-2015,14:58:56,gobbetth,P58297,Publish,84M,"MASON, the Hon. Brett John"
05-Jan-2015,14:58:59,gobbetth,P58297,Publish,208884,"PORTER, the Hon. Christian"
05-Jan-2015,14:59:03,gobbetth,P58297,Publish,00AON,"JOHNSTON, the Hon. David Albert Lloyd"
29-Jan-2015,11:14:22,gobbetth,P58297,Save,H6X,"BIRMINGHAM, the Hon. Simon John"
29-Jan-2015,15:39:11,gobbetth,P58297,Save,6H4,"HARRADINE, Brian"
29-Jan-2015,15:43:52,gobbetth,P58297,Save,EE4,"UREN, the Hon. Thomas, AC"
29-Jan-2015,15:44:27,gobbetth,P58297,Save,DV4,"WITHERS, the Rt Hon. Reginald Greive"
29-Jan-2015,15:46:27,gobbetth,P58297,Save,2K4,"WRIGHT, Keith Webb"
29-Jan-2015,15:46:39,gobbetth,P58297,Publish,2K4,"WRIGHT, Keith Webb"
29-Jan-2015,15:46:41,gobbetth,P58297,RePublish,2K4,"WRIGHT, Keith Webb"
29-Jan-2015,15:46:44,gobbetth,P58297,RePublish,2K4,"WRIGHT, Keith Webb"
29-Jan-2015,15:46:47,gobbetth,P58297,Publish,DV4,"WITHERS, the Rt Hon. Reginald Greive"
29-Jan-2015,15:46:51,gobbetth,P58297,Publish,6H4,"HARRADINE, Brian"
29-Jan-2015,15:46:55,gobbetth,P58297,Publish,EE4,"UREN, the Hon. Thomas, AC"
29-Jan-2015,15:46:58,gobbetth,P58297,Publish,H6X,"BIRMINGHAM, the Hon. Simon John"
30-Jan-2015,11:16:10,gobbetth,P58297,Save,250026,"LAMBIE, Jacquiline (Jacqui) Louise"
30-Jan-2015,11:16:14,gobbetth,P58297,Save,250026,"LAMBIE, Jacquiline (Jacqui) Louise"
30-Jan-2015,11:16:19,gobbetth,P58297,Publish,250026,"LAMBIE, Jacquiline (Jacqui) Louise"
30-Jan-2015,11:42:23,gobbetth,P58297,Save,FG4,"FITZGIBBON, Eric John"
30-Jan-2015,11:42:28,gobbetth,P58297,Publish,FG4,"FITZGIBBON, Eric John"
