03-Jun-2015,12:39:10,gobbetth,P60696,Save,258337,"LINDGREN, Joanna"
03-Jun-2015,12:39:13,gobbetth,P60696,Publish,258337,"LINDGREN, Joanna"
05-Jun-2015,13:18:41,gobbetth,P60696,Save,E4T,"FIERRAVANTI-WELLS, the Hon. Concetta (Connie) Anna"
05-Jun-2015,13:20:15,gobbetth,P60696,Save,J7Q,"BACK, Dr Christopher John"
05-Jun-2015,13:20:57,gobbetth,P60696,Save,N26,"ABETZ, the Hon. Eric"
05-Jun-2015,13:21:31,gobbetth,P60696,Save,G0D,"BERNARDI, Cory"
05-Jun-2015,13:22:00,gobbetth,P60696,Save,H6X,"BIRMINGHAM, the Hon. Simon John"
05-Jun-2015,13:23:25,gobbetth,P60696,Save,008W7,"BRANDIS, the Hon. George Henry, QC"
05-Jun-2015,13:24:00,gobbetth,P60696,Save,HZB,"BILYK, Catryna Louise"
05-Jun-2015,13:25:16,gobbetth,P60696,Save,AI6,"CAMERON, the Hon. Douglas Niven"
05-Jun-2015,13:26:38,gobbetth,P60696,Save,AW5,"CARR, the Hon. Kim John"
05-Jun-2015,13:27:17,gobbetth,P60696,Save,00AOU,"WONG, the Hon. Penelope (Penny) Ying Yen"
05-Jun-2015,13:27:38,gobbetth,P60696,Save,I0M,"CASH, the Hon. Michaelia Clare"
05-Jun-2015,13:28:42,gobbetth,P60696,Save,00AOL,"COLBECK, the Hon. Richard Mansell"
05-Jun-2015,13:29:46,gobbetth,P60696,Save,GB6,"COLLINS, the Hon. Jacinta Mary Ann"
05-Jun-2015,13:30:36,gobbetth,P60696,Save,3L6,"CONROY, the Hon. Stephen Michael"
05-Jun-2015,13:33:19,gobbetth,P60696,Save,00AOP,"MARSHALL, Gavin Mark"
05-Jun-2015,13:35:43,gobbetth,P60696,Save,E68,"STERLE, Glenn"
05-Jun-2015,13:36:37,gobbetth,P60696,Save,E5E,"McEWEN, Anne"
05-Jun-2015,13:38:10,gobbetth,P60696,Save,DYU,"FAWCETT, David Julian"
05-Jun-2015,13:39:26,gobbetth,P60696,Save,I0U,"HANSON-YOUNG, Sarah Coral"
05-Jun-2015,13:40:39,gobbetth,P60696,Save,C16,"HEFFERNAN, the Hon. William (Bill) Daniel"
05-Jun-2015,13:42:25,gobbetth,P60696,Save,KA5,"MILNE, Christine Anne"
05-Jun-2015,13:43:52,gobbetth,P60696,Save,00AON,"JOHNSTON, the Hon. David Albert Lloyd"
05-Jun-2015,13:46:00,gobbetth,P60696,Save,00AOQ,"MOORE, Claire Mary"
05-Jun-2015,13:47:47,gobbetth,P60696,Save,84N,"LUDWIG, the Hon. Joseph William"
05-Jun-2015,13:49:37,gobbetth,P60696,Save,YW4,"MACDONALD, the Hon. Ian Douglas"
05-Jun-2015,13:51:36,gobbetth,P60696,Save,E5X,"POLLEY, Helen Beatrice"
05-Jun-2015,13:52:26,gobbetth,P60696,Save,207825,"McKENZIE, Bridget"
05-Jun-2015,13:52:59,gobbetth,P60696,Save,84L,"McLUCAS, the Hon. Jan Elizabeth"
05-Jun-2015,13:53:41,gobbetth,P60696,Save,E5Z,"SIEWERT, Rachel Mary"
05-Jun-2015,13:54:40,gobbetth,P60696,Save,140651,"O'NEILL, Deborah"
05-Jun-2015,13:55:44,gobbetth,P60696,Save,XT4,"RONALDSON, the Hon. Michael John Clyde"
05-Jun-2015,13:56:53,gobbetth,P60696,Save,00AOM,"SCULLION, the Hon. Nigel Gregory"
05-Jun-2015,13:57:44,gobbetth,P60696,Save,I0Q,"RYAN, the Hon. Scott Michael"
05-Jun-2015,13:59:09,gobbetth,P60696,Publish,E4T,"FIERRAVANTI-WELLS, the Hon. Concetta (Connie) Anna"
05-Jun-2015,13:59:14,gobbetth,P60696,RePublish,E4T,"FIERRAVANTI-WELLS, the Hon. Concetta (Connie) Anna"
05-Jun-2015,13:59:18,gobbetth,P60696,Publish,N26,"ABETZ, the Hon. Eric"
05-Jun-2015,13:59:22,gobbetth,P60696,Publish,J7Q,"BACK, Dr Christopher John"
05-Jun-2015,13:59:25,gobbetth,P60696,Publish,H6X,"BIRMINGHAM, the Hon. Simon John"
05-Jun-2015,13:59:28,gobbetth,P60696,Publish,I0M,"CASH, the Hon. Michaelia Clare"
05-Jun-2015,13:59:31,gobbetth,P60696,Publish,00AOP,"MARSHALL, Gavin Mark"
05-Jun-2015,13:59:35,gobbetth,P60696,Publish,00AOQ,"MOORE, Claire Mary"
05-Jun-2015,13:59:41,gobbetth,P60696,Publish,140651,"O'NEILL, Deborah"
05-Jun-2015,13:59:45,gobbetth,P60696,Publish,I0U,"HANSON-YOUNG, Sarah Coral"
05-Jun-2015,13:59:48,gobbetth,P60696,Publish,E68,"STERLE, Glenn"
05-Jun-2015,13:59:51,gobbetth,P60696,Publish,84N,"LUDWIG, the Hon. Joseph William"
05-Jun-2015,13:59:54,gobbetth,P60696,Publish,84L,"McLUCAS, the Hon. Jan Elizabeth"
05-Jun-2015,13:59:57,gobbetth,P60696,Publish,00AOL,"COLBECK, the Hon. Richard Mansell"
05-Jun-2015,14:00:01,gobbetth,P60696,Publish,AI6,"CAMERON, the Hon. Douglas Niven"
05-Jun-2015,14:00:04,gobbetth,P60696,Publish,3L6,"CONROY, the Hon. Stephen Michael"
05-Jun-2015,14:00:07,gobbetth,P60696,Publish,008W7,"BRANDIS, the Hon. George Henry, QC"
05-Jun-2015,14:00:12,gobbetth,P60696,Publish,HZB,"BILYK, Catryna Louise"
05-Jun-2015,14:00:15,gobbetth,P60696,Publish,00AOU,"WONG, the Hon. Penelope (Penny) Ying Yen"
05-Jun-2015,14:00:19,gobbetth,P60696,Publish,AW5,"CARR, the Hon. Kim John"
05-Jun-2015,14:00:22,gobbetth,P60696,Publish,DYU,"FAWCETT, David Julian"
05-Jun-2015,14:00:26,gobbetth,P60696,Publish,E5X,"POLLEY, Helen Beatrice"
05-Jun-2015,14:00:29,gobbetth,P60696,Publish,00AOM,"SCULLION, the Hon. Nigel Gregory"
05-Jun-2015,14:00:32,gobbetth,P60696,Publish,207825,"McKENZIE, Bridget"
05-Jun-2015,14:00:35,gobbetth,P60696,Publish,E5Z,"SIEWERT, Rachel Mary"
05-Jun-2015,14:00:39,gobbetth,P60696,Publish,YW4,"MACDONALD, the Hon. Ian Douglas"
05-Jun-2015,14:00:42,gobbetth,P60696,Publish,I0Q,"RYAN, the Hon. Scott Michael"
05-Jun-2015,14:00:45,gobbetth,P60696,Publish,C16,"HEFFERNAN, the Hon. William (Bill) Daniel"
05-Jun-2015,14:00:50,gobbetth,P60696,Publish,E5E,"McEWEN, Anne"
05-Jun-2015,14:00:54,gobbetth,P60696,Publish,GB6,"COLLINS, the Hon. Jacinta Mary Ann"
05-Jun-2015,14:00:58,gobbetth,P60696,Publish,G0D,"BERNARDI, Cory"
05-Jun-2015,14:01:01,gobbetth,P60696,Publish,KA5,"MILNE, Christine Anne"
05-Jun-2015,14:01:05,gobbetth,P60696,Publish,00AON,"JOHNSTON, the Hon. David Albert Lloyd"
05-Jun-2015,14:01:08,gobbetth,P60696,Publish,XT4,"RONALDSON, the Hon. Michael John Clyde"
05-Jun-2015,14:20:33,gobbetth,P60696,Save,PK6,"RANDALL, Donald (Don) James"
05-Jun-2015,14:22:01,gobbetth,P60696,Save,00AMM,"HARTSUYKER, the Hon. Luke"
05-Jun-2015,14:22:50,gobbetth,P60696,Save,HWS,"RAMSEY, Rowan Eric"
05-Jun-2015,14:26:24,gobbetth,P60696,Save,9K6,"GAMBARO, the Hon. Teresa"
05-Jun-2015,14:27:25,gobbetth,P60696,Save,I0O,"FEENEY, the Hon. David Ian"
05-Jun-2015,14:28:15,gobbetth,P60696,Save,I07,"LUDLAM, Scott"
05-Jun-2015,14:29:05,gobbetth,P60696,Save,WN6,"MACFARLANE, the Hon. Ian Elgin"
05-Jun-2015,14:30:03,gobbetth,P60696,Save,E09,"OWENS, Julie Ann"
05-Jun-2015,14:31:12,gobbetth,P60696,Save,HWR,"PARKE, the Hon. Melissa"
05-Jun-2015,14:34:50,gobbetth,P60696,Save,00AMN,"LEY, the Hon. Sussan Penelope"
05-Jun-2015,14:35:06,gobbetth,P60696,Save,240756,"PASIN, Antony (Tony)"
05-Jun-2015,14:37:06,gobbetth,P60696,Save,M56,"PAYNE, the Hon. Marise Ann"
05-Jun-2015,14:38:01,gobbetth,P60696,Save,WF6,"DANBY, the Hon. Michael David"
05-Jun-2015,14:38:48,gobbetth,P60696,Save,DZP,"BIRD, the Hon. Sharon Leah"
05-Jun-2015,14:40:03,gobbetth,P60696,Save,HWG,"DREYFUS, the Hon. Mark Alfred, QC"
05-Jun-2015,14:40:43,gobbetth,P60696,Save,HVP,"PERRETT, Graham Douglas"
05-Jun-2015,14:41:03,gobbetth,P60696,Save,148150,"PITT, Keith John"
05-Jun-2015,14:41:54,gobbetth,P60696,Save,83M,"PLIBERSEK, the Hon. Tanya Joan"
05-Jun-2015,14:42:49,gobbetth,P60696,Save,IPZ,"CHESTER, the Hon. Darren Jeffrey"
05-Jun-2015,14:43:31,gobbetth,P60696,Save,230485,"CHRISTENSEN, George Robert"
05-Jun-2015,14:44:25,gobbetth,P60696,Save,HWN,"COULTON, Mark Maclean"
05-Jun-2015,14:45:16,gobbetth,P60696,Save,217266,"PRENTICE, Jane"
05-Jun-2015,14:46:22,gobbetth,P60696,Save,LKU,"O'DWYER, Kelly Megan"
05-Jun-2015,14:46:46,gobbetth,P60696,Save,00AMV,"HUNT, the Hon. Gregory Andrew"
05-Jun-2015,14:47:17,gobbetth,P60696,Save,30540,"BRODTMANN, Gai Marie"
05-Jun-2015,14:48:12,gobbetth,P60696,Save,1K6,"BILLSON, the Hon. Bruce Fredrick"
05-Jun-2015,14:49:31,gobbetth,P60696,Save,885,"TURNBULL, the Hon. Malcolm Bligh"
05-Jun-2015,14:50:12,gobbetth,P60696,Save,EZ5,"ABBOTT, the Hon. Anthony (Tony) John"
05-Jun-2015,14:53:05,gobbetth,P60696,Save,VU5,"GRIFFIN, the Hon. Alan Peter"
05-Jun-2015,14:53:29,gobbetth,P60696,Save,HX4,"KATTER, the Hon. Robert (Bob) Carl"
05-Jun-2015,14:54:02,gobbetth,P60696,Save,DYW,"BURKE, the Hon. Anthony (Tony) Stephen"
05-Jun-2015,14:54:38,gobbetth,P60696,Save,ECV,"HAYES, Christopher (Chris) Patrick"
05-Jun-2015,14:55:24,gobbetth,P60696,Save,00AN3,"O'CONNOR, the Hon. Brendan Patrick"
05-Jun-2015,14:57:03,gobbetth,P60696,Save,HWQ,"MARLES, the Hon. Richard Donald"
05-Jun-2015,14:58:39,gobbetth,P60696,Save,8K6,"FITZGIBBON, the Hon. Joel Andrew"
05-Jun-2015,14:59:34,gobbetth,P60696,Save,HVO,"NEUMANN, the Hon. Shayne Kenneth"
05-Jun-2015,15:00:34,gobbetth,P60696,Save,8T4,"FERGUSON, the Hon. Laurie Donald Thomas"
05-Jun-2015,15:01:41,gobbetth,P60696,Save,83E,"RIPOLL, the Hon. Bernard (Bernie) Fernand"
05-Jun-2015,15:02:01,gobbetth,P60696,Save,HWA,"RISHWORTH, the Hon. Amanda Louise"
05-Jun-2015,15:02:28,gobbetth,P60696,Save,FU4,"ROBB, the Hon. Andrew John, AO"
05-Jun-2015,15:03:06,gobbetth,P60696,Save,HWT,"ROBERT, the Hon. Stuart Rowland"
05-Jun-2015,15:03:38,gobbetth,P60696,Save,DZU,"ELLIS, the Hon. Katherine (Kate) Margaret"
05-Jun-2015,15:04:27,gobbetth,P60696,Save,DZW,"ELLIOT, the Hon. Maria Justine"
05-Jun-2015,15:05:37,gobbetth,P60696,Save,UK6,"THOMSON, the Hon. Kelvin John"
05-Jun-2015,15:06:37,gobbetth,P60696,Save,00AKI,"DUTTON, the Hon. Peter Craig"
05-Jun-2015,15:08:00,gobbetth,P60696,Save,E0H,"LAMING, Andrew Charles"
05-Jun-2015,15:09:51,gobbetth,P60696,Save,GT4,"TRUSS, the Hon. Warren Errol"
05-Jun-2015,15:10:34,gobbetth,P60696,Save,E3L,"MORRISON, the Hon. Scott John"
05-Jun-2015,15:11:10,gobbetth,P60696,Save,M3C,"BANDT, Adam"
05-Jun-2015,15:11:58,gobbetth,P60696,Save,DYN,"JENSEN, Dr Dennis Geoffrey"
05-Jun-2015,15:12:54,gobbetth,P60696,Save,2K6,"BROUGH, the Hon. Malcolm (Mal) Thomas"
05-Jun-2015,15:13:47,gobbetth,P60696,Save,M3E,"MITCHELL, Rob"
05-Jun-2015,15:15:04,gobbetth,P60696,Save,MT4,"BROADBENT, Russell Evan"
05-Jun-2015,15:16:05,gobbetth,P60696,Save,YT4,"SCOTT, the Hon. Bruce Craig"
05-Jun-2015,15:16:44,gobbetth,P60696,Save,DZS,"BOWEN, the Hon. Christopher Eyles"
05-Jun-2015,15:18:00,gobbetth,P60696,Save,HYM,"IRONS, Stephen (Steve) James"
05-Jun-2015,15:19:27,gobbetth,P60696,Save,R36,"ALBANESE, the Hon. Anthony Norman"
05-Jun-2015,15:20:10,gobbetth,P60696,Save,HK5,"ANDREWS, the Hon. Kevin James"
05-Jun-2015,15:20:46,gobbetth,P60696,Save,LL6,"BALDWIN, the Hon. Robert (Bob) Charles"
05-Jun-2015,15:21:58,gobbetth,P60696,Save,00ATG,"SHORTEN, the Hon. William (Bill) Richard"
05-Jun-2015,15:23:55,gobbetth,P60696,Save,HWP,"MARINO, Nola Bethwyn"
05-Jun-2015,15:24:22,gobbetth,P60696,Save,E07,"MARKUS, Louise Elizabeth"
05-Jun-2015,15:25:04,gobbetth,P60696,Save,HWE,"SIMPKINS, Luke Xavier Linton"
05-Jun-2015,15:26:08,gobbetth,P60696,Save,00AMT,"VAMVAKINOU, Maria"
05-Jun-2015,15:26:37,gobbetth,P60696,Save,PG6,"MACKLIN, the Hon. Jennifer (Jenny) Louise"
05-Jun-2015,15:27:51,gobbetth,P60696,Save,00AN0,"CIOBO, the Hon. Steven Michele"
05-Jun-2015,15:28:36,gobbetth,P60696,Save,HWL,"CLARE, the Hon. Jason Dean"
05-Jun-2015,15:29:07,gobbetth,P60696,Save,00AMR,"KING, the Hon. Catherine Fiona"
05-Jun-2015,15:30:02,gobbetth,P60696,Save,HW9,"CHAMPION, Nicholas (Nick) David"
05-Jun-2015,15:31:00,gobbetth,P60696,Save,IJ4,"SNOWDON, the Hon. Warren Edward"
05-Jun-2015,15:32:06,gobbetth,P60696,Save,TK6,"SOUTHCOTT, Dr Andrew John"
05-Jun-2015,15:32:43,gobbetth,P60696,Save,008K0,"BYRNE, the Hon. Anthony Michael"
05-Jun-2015,15:33:44,gobbetth,P60696,Save,E5D,"JOYCE, the Hon. Barnaby Thomas Gerard"
05-Jun-2015,15:34:49,gobbetth,P60696,Save,83S,"BURKE, Anna Elizabeth"
05-Jun-2015,15:35:11,gobbetth,P60696,Save,DK6,"HOCKEY, the Hon. Joseph (Joe) Benedict"
05-Jun-2015,15:35:55,gobbetth,P60696,Save,7K6,"ENTSCH, the Hon. Warren George"
05-Jun-2015,15:37:10,gobbetth,P60696,Save,EM6,"STONE, the Hon. Dr Sharman Nancy"
05-Jun-2015,15:38:53,gobbetth,P60696,Save,83P,"BISHOP, the Hon. Julie Isabel"
05-Jun-2015,15:39:36,gobbetth,P60696,Save,2V5,"SWAN, the Hon. Wayne Maxwell"
05-Jun-2015,15:41:12,gobbetth,P60696,Save,0J4,"RUDDOCK, the Hon. Philip Maxwell"
05-Jun-2015,15:41:56,gobbetth,P60696,Save,83N,"HALL, Jill Griffiths"
05-Jun-2015,15:43:03,gobbetth,P60696,Save,E0F,"WOOD, Jason Peter"
05-Jun-2015,15:43:51,gobbetth,P60696,Save,HWB,"ZAPPIA, Antonio (Tony)"
05-Jun-2015,15:45:18,gobbetth,P60696,Save,9V5,"PYNE, the Hon. Christopher Maurice"
05-Jun-2015,15:45:32,gobbetth,P60696,Publish,E5D,"JOYCE, the Hon. Barnaby Thomas Gerard"
05-Jun-2015,15:45:34,gobbetth,P60696,Publish,7K6,"ENTSCH, the Hon. Warren George"
05-Jun-2015,15:45:37,gobbetth,P60696,Publish,148150,"PITT, Keith John"
05-Jun-2015,15:45:41,gobbetth,P60696,Publish,9K6,"GAMBARO, the Hon. Teresa"
05-Jun-2015,15:45:44,gobbetth,P60696,Publish,240756,"PASIN, Antony (Tony)"
05-Jun-2015,15:45:47,gobbetth,P60696,Publish,HX4,"KATTER, the Hon. Robert (Bob) Carl"
05-Jun-2015,15:45:50,gobbetth,P60696,Publish,83N,"HALL, Jill Griffiths"
05-Jun-2015,15:45:52,gobbetth,P60696,Publish,R36,"ALBANESE, the Hon. Anthony Norman"
05-Jun-2015,15:45:55,gobbetth,P60696,Publish,HWP,"MARINO, Nola Bethwyn"
05-Jun-2015,15:45:58,gobbetth,P60696,Publish,HWE,"SIMPKINS, Luke Xavier Linton"
05-Jun-2015,15:46:01,gobbetth,P60696,Publish,1K6,"BILLSON, the Hon. Bruce Fredrick"
05-Jun-2015,15:46:03,gobbetth,P60696,Publish,FU4,"ROBB, the Hon. Andrew John, AO"
05-Jun-2015,15:46:09,gobbetth,P60696,Publish,HWL,"CLARE, the Hon. Jason Dean"
05-Jun-2015,15:46:13,gobbetth,P60696,Publish,M56,"PAYNE, the Hon. Marise Ann"
05-Jun-2015,15:46:17,gobbetth,P60696,Publish,HWB,"ZAPPIA, Antonio (Tony)"
05-Jun-2015,15:46:20,gobbetth,P60696,Publish,E09,"OWENS, Julie Ann"
05-Jun-2015,15:46:23,gobbetth,P60696,Publish,E0F,"WOOD, Jason Peter"
05-Jun-2015,15:46:26,gobbetth,P60696,Publish,9V5,"PYNE, the Hon. Christopher Maurice"
05-Jun-2015,15:46:29,gobbetth,P60696,Publish,DYW,"BURKE, the Hon. Anthony (Tony) Stephen"
05-Jun-2015,15:46:32,gobbetth,P60696,Publish,00AN0,"CIOBO, the Hon. Steven Michele"
05-Jun-2015,15:46:35,gobbetth,P60696,Publish,217266,"PRENTICE, Jane"
05-Jun-2015,15:46:37,gobbetth,P60696,Publish,00AKI,"DUTTON, the Hon. Peter Craig"
05-Jun-2015,15:46:41,gobbetth,P60696,Publish,DZS,"BOWEN, the Hon. Christopher Eyles"
05-Jun-2015,15:46:44,gobbetth,P60696,Publish,HWR,"PARKE, the Hon. Melissa"
05-Jun-2015,15:46:46,gobbetth,P60696,Publish,00AN3,"O'CONNOR, the Hon. Brendan Patrick"
05-Jun-2015,15:46:49,gobbetth,P60696,Publish,M3E,"MITCHELL, Rob"
05-Jun-2015,15:46:52,gobbetth,P60696,Publish,8K6,"FITZGIBBON, the Hon. Joel Andrew"
05-Jun-2015,15:46:55,gobbetth,P60696,Publish,DZP,"BIRD, the Hon. Sharon Leah"
05-Jun-2015,15:46:58,gobbetth,P60696,Publish,WN6,"MACFARLANE, the Hon. Ian Elgin"
05-Jun-2015,15:47:01,gobbetth,P60696,Publish,2V5,"SWAN, the Hon. Wayne Maxwell"
05-Jun-2015,15:47:04,gobbetth,P60696,Publish,HWS,"RAMSEY, Rowan Eric"
05-Jun-2015,15:47:07,gobbetth,P60696,Publish,83P,"BISHOP, the Hon. Julie Isabel"
05-Jun-2015,15:47:10,gobbetth,P60696,Publish,00AMM,"HARTSUYKER, the Hon. Luke"
05-Jun-2015,15:47:13,gobbetth,P60696,Publish,M3C,"BANDT, Adam"
05-Jun-2015,15:47:16,gobbetth,P60696,Publish,LL6,"BALDWIN, the Hon. Robert (Bob) Charles"
05-Jun-2015,15:47:20,gobbetth,P60696,Publish,00ATG,"SHORTEN, the Hon. William (Bill) Richard"
05-Jun-2015,15:47:22,gobbetth,P60696,Publish,30540,"BRODTMANN, Gai Marie"
05-Jun-2015,15:47:25,gobbetth,P60696,Publish,HWQ,"MARLES, the Hon. Richard Donald"
05-Jun-2015,15:47:29,gobbetth,P60696,Publish,E0H,"LAMING, Andrew Charles"
05-Jun-2015,15:47:31,gobbetth,P60696,Publish,83E,"RIPOLL, the Hon. Bernard (Bernie) Fernand"
05-Jun-2015,15:47:34,gobbetth,P60696,Publish,IJ4,"SNOWDON, the Hon. Warren Edward"
05-Jun-2015,15:47:36,gobbetth,P60696,Publish,PK6,"RANDALL, Donald (Don) James"
05-Jun-2015,15:47:39,gobbetth,P60696,Publish,00AMN,"LEY, the Hon. Sussan Penelope"
05-Jun-2015,15:47:42,gobbetth,P60696,Publish,WF6,"DANBY, the Hon. Michael David"
05-Jun-2015,15:47:46,gobbetth,P60696,Publish,TK6,"SOUTHCOTT, Dr Andrew John"
05-Jun-2015,15:47:48,gobbetth,P60696,Publish,LKU,"O'DWYER, Kelly Megan"
05-Jun-2015,15:47:51,gobbetth,P60696,Publish,230485,"CHRISTENSEN, George Robert"
05-Jun-2015,15:47:54,gobbetth,P60696,Publish,HWG,"DREYFUS, the Hon. Mark Alfred, QC"
05-Jun-2015,15:47:56,gobbetth,P60696,Publish,HVP,"PERRETT, Graham Douglas"
05-Jun-2015,15:47:59,gobbetth,P60696,Publish,83M,"PLIBERSEK, the Hon. Tanya Joan"
05-Jun-2015,15:48:03,gobbetth,P60696,Publish,00AMV,"HUNT, the Hon. Gregory Andrew"
05-Jun-2015,15:48:06,gobbetth,P60696,Publish,EZ5,"ABBOTT, the Hon. Anthony (Tony) John"
05-Jun-2015,15:48:09,gobbetth,P60696,Publish,VU5,"GRIFFIN, the Hon. Alan Peter"
05-Jun-2015,15:48:11,gobbetth,P60696,Publish,885,"TURNBULL, the Hon. Malcolm Bligh"
05-Jun-2015,15:48:14,gobbetth,P60696,Publish,DZW,"ELLIOT, the Hon. Maria Justine"
05-Jun-2015,15:48:17,gobbetth,P60696,Publish,UK6,"THOMSON, the Hon. Kelvin John"
05-Jun-2015,15:48:20,gobbetth,P60696,Publish,HVO,"NEUMANN, the Hon. Shayne Kenneth"
05-Jun-2015,15:48:23,gobbetth,P60696,Publish,DZU,"ELLIS, the Hon. Katherine (Kate) Margaret"
05-Jun-2015,15:48:25,gobbetth,P60696,Publish,HWN,"COULTON, Mark Maclean"
05-Jun-2015,15:48:28,gobbetth,P60696,Publish,DYN,"JENSEN, Dr Dennis Geoffrey"
05-Jun-2015,15:48:31,gobbetth,P60696,Publish,HWT,"ROBERT, the Hon. Stuart Rowland"
05-Jun-2015,15:48:33,gobbetth,P60696,Publish,8T4,"FERGUSON, the Hon. Laurie Donald Thomas"
05-Jun-2015,15:48:42,gobbetth,P60696,Publish,PG6,"MACKLIN, the Hon. Jennifer (Jenny) Louise"
05-Jun-2015,15:48:45,gobbetth,P60696,Publish,HK5,"ANDREWS, the Hon. Kevin James"
05-Jun-2015,15:48:49,gobbetth,P60696,Publish,HW9,"CHAMPION, Nicholas (Nick) David"
05-Jun-2015,15:48:52,gobbetth,P60696,Publish,0J4,"RUDDOCK, the Hon. Philip Maxwell"
05-Jun-2015,15:48:56,gobbetth,P60696,Publish,00AMT,"VAMVAKINOU, Maria"
05-Jun-2015,15:48:59,gobbetth,P60696,Publish,008K0,"BYRNE, the Hon. Anthony Michael"
05-Jun-2015,15:49:03,gobbetth,P60696,Publish,E07,"MARKUS, Louise Elizabeth"
05-Jun-2015,15:49:06,gobbetth,P60696,Publish,MT4,"BROADBENT, Russell Evan"
05-Jun-2015,15:49:10,gobbetth,P60696,Publish,YT4,"SCOTT, the Hon. Bruce Craig"
05-Jun-2015,15:49:13,gobbetth,P60696,Publish,2K6,"BROUGH, the Hon. Malcolm (Mal) Thomas"
05-Jun-2015,15:49:16,gobbetth,P60696,Publish,GT4,"TRUSS, the Hon. Warren Errol"
05-Jun-2015,15:49:20,gobbetth,P60696,Publish,E3L,"MORRISON, the Hon. Scott John"
05-Jun-2015,15:49:27,gobbetth,P60696,Publish,I07,"LUDLAM, Scott"
05-Jun-2015,15:49:32,gobbetth,P60696,Publish,I0O,"FEENEY, the Hon. David Ian"
05-Jun-2015,15:49:35,gobbetth,P60696,Publish,EM6,"STONE, the Hon. Dr Sharman Nancy"
05-Jun-2015,15:49:38,gobbetth,P60696,Publish,IPZ,"CHESTER, the Hon. Darren Jeffrey"
05-Jun-2015,15:49:41,gobbetth,P60696,Publish,ECV,"HAYES, Christopher (Chris) Patrick"
05-Jun-2015,15:49:44,gobbetth,P60696,Publish,HWA,"RISHWORTH, the Hon. Amanda Louise"
05-Jun-2015,15:49:48,gobbetth,P60696,Publish,DK6,"HOCKEY, the Hon. Joseph (Joe) Benedict"
05-Jun-2015,15:49:52,gobbetth,P60696,Publish,83S,"BURKE, Anna Elizabeth"
05-Jun-2015,15:49:55,gobbetth,P60696,Publish,00AMR,"KING, the Hon. Catherine Fiona"
05-Jun-2015,15:49:58,gobbetth,P60696,Publish,HYM,"IRONS, Stephen (Steve) James"
11-Jun-2015,11:33:24,gobbetth,P60696,Save,241067,"COLEMAN, David"
11-Jun-2015,11:34:07,gobbetth,P60696,Save,0J4,"RUDDOCK, the Hon. Philip Maxwell"
11-Jun-2015,11:34:25,gobbetth,P60696,Publish,241067,"COLEMAN, David"
11-Jun-2015,11:34:29,gobbetth,P60696,Publish,0J4,"RUDDOCK, the Hon. Philip Maxwell"
15-Jun-2015,11:24:56,gobbetth,P60696,Save,00AMV,"HUNT, the Hon. Gregory Andrew"
15-Jun-2015,11:24:59,gobbetth,P60696,Publish,00AMV,"HUNT, the Hon. Gregory Andrew"
19-Jun-2015,12:00:59,gobbetth,P60696,Save,121628,"McALLISTER, Jennifer (Jenny)"
19-Jun-2015,13:11:42,gobbetth,P60696,Publish,121628,"McALLISTER, Jennifer (Jenny)"
23-Jun-2015,11:50:48,gobbetth,P60696,Save,0J4,"RUDDOCK, the Hon. Philip Maxwell"
23-Jun-2015,11:51:01,gobbetth,P60696,Save,241067,"COLEMAN, David"
23-Jun-2015,12:06:36,gobbetth,P60696,Save,53369,"DI NATALE, Richard"
23-Jun-2015,12:07:16,gobbetth,P60696,Save,195565,"WHISH-WILSON, Peter Stuart"
23-Jun-2015,12:09:47,gobbetth,P60696,Save,250216,"REYNOLDS, Linda Karen"
23-Jun-2015,12:14:27,gobbetth,P60696,Save,258337,"LINDGREN, Joanna"
23-Jun-2015,12:16:46,gobbetth,P60696,Save,00AON,"JOHNSTON, the Hon. David Albert Lloyd"
23-Jun-2015,12:17:12,gobbetth,P60696,Save,245212,"CANAVAN, Matthew James"
23-Jun-2015,12:17:48,gobbetth,P60696,Save,G0D,"BERNARDI, Cory"
23-Jun-2015,12:35:12,gobbetth,P60696,Save,121628,"McALLISTER, Jennifer (Jenny) Ryll"
23-Jun-2015,12:35:18,gobbetth,P60696,Publish,0J4,"RUDDOCK, the Hon. Philip Maxwell"
23-Jun-2015,12:35:22,gobbetth,P60696,Publish,00AON,"JOHNSTON, the Hon. David Albert Lloyd"
23-Jun-2015,12:35:25,gobbetth,P60696,Publish,258337,"LINDGREN, Joanna"
23-Jun-2015,12:35:28,gobbetth,P60696,Publish,245212,"CANAVAN, Matthew James"
23-Jun-2015,12:35:31,gobbetth,P60696,Publish,195565,"WHISH-WILSON, Peter Stuart"
23-Jun-2015,12:35:35,gobbetth,P60696,Publish,121628,"McALLISTER, Jennifer (Jenny) Ryll"
23-Jun-2015,12:35:39,gobbetth,P60696,Publish,250216,"REYNOLDS, Linda Karen"
23-Jun-2015,12:35:42,gobbetth,P60696,Publish,G0D,"BERNARDI, Cory"
23-Jun-2015,12:35:46,gobbetth,P60696,Publish,241067,"COLEMAN, David"
23-Jun-2015,12:35:49,gobbetth,P60696,Publish,53369,"DI NATALE, Richard"
24-Jun-2015,12:22:09,gobbetth,P60696,Save,137174,"NIKOLIC, Andrew Alexander, AM, CSC"
24-Jun-2015,12:22:13,gobbetth,P60696,Publish,137174,"NIKOLIC, Andrew Alexander, AM, CSC"
24-Jun-2015,13:36:21,gobbetth,P60696,Save,HWL,"CLARE, the Hon. Jason Dean"
24-Jun-2015,13:36:49,gobbetth,P60696,Save,HWG,"DREYFUS, the Hon. Mark Alfred, QC"
24-Jun-2015,13:38:19,gobbetth,P60696,Save,HWE,"SIMPKINS, Luke Xavier Linton"
24-Jun-2015,13:54:57,gobbetth,P60696,Save,217266,"PRENTICE, Jane"
24-Jun-2015,13:56:10,gobbetth,P60696,Save,VU5,"GRIFFIN, the Hon. Alan Peter"
24-Jun-2015,13:56:35,gobbetth,P60696,Save,HWR,"PARKE, the Hon. Melissa"
24-Jun-2015,13:57:02,gobbetth,P60696,Save,VU5,"GRIFFIN, the Hon. Alan Peter"
24-Jun-2015,13:58:05,gobbetth,P60696,Publish,HWG,"DREYFUS, the Hon. Mark Alfred, QC"
24-Jun-2015,13:58:09,gobbetth,P60696,Publish,217266,"PRENTICE, Jane"
24-Jun-2015,13:58:12,gobbetth,P60696,Publish,HWL,"CLARE, the Hon. Jason Dean"
24-Jun-2015,13:58:16,gobbetth,P60696,Publish,HWE,"SIMPKINS, Luke Xavier Linton"
24-Jun-2015,13:58:20,gobbetth,P60696,Publish,VU5,"GRIFFIN, the Hon. Alan Peter"
24-Jun-2015,13:58:24,gobbetth,P60696,Publish,HWR,"PARKE, the Hon. Melissa"
29-Jun-2015,12:11:25,gobbetth,P60696,Save,217241,"McGRATH, James"
29-Jun-2015,12:11:51,gobbetth,P60696,Save,243273,"RUSTON, Anne Sowerby"
29-Jun-2015,12:16:40,gobbetth,P60696,Save,200287,"WRIGHT, Penelope (Penny) Lesley"
29-Jun-2015,12:19:20,gobbetth,P60696,Save,YW4,"MACDONALD, the Hon. Ian Douglas"
29-Jun-2015,12:19:59,gobbetth,P60696,Save,YW4,"MACDONALD, the Hon. Ian Douglas"
29-Jun-2015,12:21:02,gobbetth,P60696,Save,108616,"LAZARUS, Glenn Patrick"
29-Jun-2015,12:22:43,gobbetth,P60696,Save,00AOU,"WONG, the Hon. Penelope (Penny) Ying Yen"
29-Jun-2015,12:24:49,gobbetth,P60696,Save,ING,"GALLAGHER, Katherine (Katy) Ruth"
29-Jun-2015,12:25:45,gobbetth,P60696,Save,245212,"CANAVAN, Matthew James"
29-Jun-2015,12:26:09,gobbetth,P60696,Save,243273,"RUSTON, Anne Sowerby"
29-Jun-2015,12:26:16,gobbetth,P60696,Publish,200287,"WRIGHT, Penelope (Penny) Lesley"
29-Jun-2015,12:26:20,gobbetth,P60696,Publish,217241,"McGRATH, James"
29-Jun-2015,12:26:24,gobbetth,P60696,Publish,YW4,"MACDONALD, the Hon. Ian Douglas"
29-Jun-2015,12:26:27,gobbetth,P60696,Publish,108616,"LAZARUS, Glenn Patrick"
29-Jun-2015,12:26:30,gobbetth,P60696,Publish,ING,"GALLAGHER, Katherine (Katy) Ruth"
29-Jun-2015,12:26:34,gobbetth,P60696,Publish,243273,"RUSTON, Anne Sowerby"
29-Jun-2015,12:26:37,gobbetth,P60696,Publish,00AOU,"WONG, the Hon. Penelope (Penny) Ying Yen"
29-Jun-2015,12:26:40,gobbetth,P60696,Publish,245212,"CANAVAN, Matthew James"
29-Jun-2015,12:30:24,gobbetth,P60696,Save,83M,"PLIBERSEK, the Hon. Tanya Joan"
29-Jun-2015,12:30:58,gobbetth,P60696,Save,HWR,"PARKE, the Hon. Melissa"
29-Jun-2015,12:31:38,gobbetth,P60696,Publish,83M,"PLIBERSEK, the Hon. Tanya Joan"
29-Jun-2015,12:31:41,gobbetth,P60696,Publish,HWR,"PARKE, the Hon. Melissa"
29-Jun-2015,13:10:44,gobbetth,P60696,Save,258337,"LINDGREN, Joanna Maria"
29-Jun-2015,13:13:56,gobbetth,P60696,Save,258337,"LINDGREN, Joanna Maria"
29-Jun-2015,13:14:01,gobbetth,P60696,Publish,258337,"LINDGREN, Joanna Maria"
29-Jun-2015,13:14:52,gobbetth,P60696,Save,258337,"LINDGREN, Joanna Maria"
29-Jun-2015,13:18:35,gobbetth,P60696,Publish,258337,"LINDGREN, Joanna Maria"
29-Jun-2015,13:21:15,gobbetth,P60696,Save,121628,"McALLISTER, Jennifer (Jenny) Ryll"
29-Jun-2015,13:21:19,gobbetth,P60696,Publish,121628,"McALLISTER, Jennifer (Jenny) Ryll"
